Using pre-set license
Built from '6000.0/release' branch; Version is '6000.0.35f1 (9a3bc604008a) revision 10107846'; Using compiler version '193933523'; Build Type 'Release'
OS: 'Windows 11  (10.0.26100) 64bit Professional' Language: 'en' Physical Memory: 16228 MB
BatchMode: 1, IsHumanControllingUs: 0, StartBugReporterOnCrash: 0, Is64bit: 1, IsPro: 1

COMMAND LINE ARGUMENTS:
C:\Program Files\Unity\Hub\Editor\6000.0.35f1\Editor\Unity.exe
-adb2
-batchMode
-noUpm
-name
AssetImportWorker0
-projectPath
C:/Users/Soa/Documents/GitHub/Sync-or-Sink
-logFile
Logs/AssetImportWorker0.log
-srvPort
58364
-job-worker-count
5
-background-job-worker-count
8
-gc-helper-count
1
Successfully changed project path to: C:/Users/Soa/Documents/GitHub/Sync-or-Sink
C:/Users/Soa/Documents/GitHub/Sync-or-Sink
[UnityMemory] Configuration Parameters - Can be set up in boot.config
    "memorysetup-bucket-allocator-granularity=16"
    "memorysetup-bucket-allocator-bucket-count=8"
    "memorysetup-bucket-allocator-block-size=33554432"
    "memorysetup-bucket-allocator-block-count=8"
    "memorysetup-main-allocator-block-size=16777216"
    "memorysetup-thread-allocator-block-size=16777216"
    "memorysetup-gfx-main-allocator-block-size=16777216"
    "memorysetup-gfx-thread-allocator-block-size=16777216"
    "memorysetup-cache-allocator-block-size=4194304"
    "memorysetup-typetree-allocator-block-size=2097152"
    "memorysetup-profiler-bucket-allocator-granularity=16"
    "memorysetup-profiler-bucket-allocator-bucket-count=8"
    "memorysetup-profiler-bucket-allocator-block-size=33554432"
    "memorysetup-profiler-bucket-allocator-block-count=8"
    "memorysetup-profiler-allocator-block-size=16777216"
    "memorysetup-profiler-editor-allocator-block-size=1048576"
    "memorysetup-temp-allocator-size-main=16777216"
    "memorysetup-job-temp-allocator-block-size=2097152"
    "memorysetup-job-temp-allocator-block-size-background=1048576"
    "memorysetup-job-temp-allocator-reduction-small-platforms=262144"
    "memorysetup-allocator-temp-initial-block-size-main=262144"
    "memorysetup-allocator-temp-initial-block-size-worker=262144"
    "memorysetup-temp-allocator-size-background-worker=32768"
    "memorysetup-temp-allocator-size-job-worker=262144"
    "memorysetup-temp-allocator-size-preload-manager=33554432"
    "memorysetup-temp-allocator-size-nav-mesh-worker=65536"
    "memorysetup-temp-allocator-size-audio-worker=65536"
    "memorysetup-temp-allocator-size-cloud-worker=32768"
    "memorysetup-temp-allocator-size-gi-baking-worker=262144"
    "memorysetup-temp-allocator-size-gi-baking-worker=262144"
    "memorysetup-temp-allocator-size-gi-baking-worker=262144"
    "memorysetup-temp-allocator-size-gi-baking-worker=262144"
    "memorysetup-temp-allocator-size-gi-baking-worker=262144"
    "memorysetup-temp-allocator-size-gfx=262144"
Player connection [11604]  Target information:

Player connection [11604]  * "[IP] 192.168.31.204 [Port] 0 [Flags] 2 [Guid] 3915447600 [EditorId] 3915447600 [Version] 1048832 [Id] WindowsEditor(7,Soa-Laptop) [Debug] 1 [PackageName] WindowsEditor [ProjectName] Editor" 

Player connection [11604] Host joined multi-casting on [225.0.0.222:54997]...
Player connection [11604] Host joined alternative multi-casting on [225.0.0.222:34997]...
JobSystem: Creating JobQueue using job-worker-count value 5
Input System module state changed to: Initialized.
[Physics::Module] Initialized fallback backend.
[Physics::Module] Id: 0xdecafbad
Library Redirect Path: Library/
[Physics::Module] Selected backend.
[Physics::Module] Name: PhysX
[Physics::Module] Id: 0xf2b8ea05
[Physics::Module] SDK Version: 4.1.2
[Physics::Module] Integration Version: 1.0.0
[Physics::Module] Threading Mode: Multi-Threaded
Refreshing native plugins compatible for Editor in 2.62 ms, found 4 plugins.
Preloading 0 native plugins for Editor in 0.00 ms.
Initialize engine version: 6000.0.35f1 (9a3bc604008a)
[Subsystems] Discovering subsystems at path C:/Program Files/Unity/Hub/Editor/6000.0.35f1/Editor/Data/Resources/UnitySubsystems
[Subsystems] Discovering subsystems at path C:/Users/Soa/Documents/GitHub/Sync-or-Sink/Assets
GfxDevice: creating device client; kGfxThreadingModeNonThreaded
Direct3D:
    Version:  Direct3D 11.0 [level 11.1]
    Renderer: NVIDIA GeForce RTX 2060 (ID=0x1f11)
    Vendor:   NVIDIA
    VRAM:     5955 MB
    Driver:   32.0.15.5599
Initialize mono
Mono path[0] = 'C:/Program Files/Unity/Hub/Editor/6000.0.35f1/Editor/Data/Managed'
Mono path[1] = 'C:/Program Files/Unity/Hub/Editor/6000.0.35f1/Editor/Data/MonoBleedingEdge/lib/mono/unityjit-win32'
Mono config path = 'C:/Program Files/Unity/Hub/Editor/6000.0.35f1/Editor/Data/MonoBleedingEdge/etc'
Using monoOptions --debugger-agent=transport=dt_socket,embedding=1,server=y,suspend=n,address=127.0.0.1:56696
Begin MonoManager ReloadAssembly
Registering precompiled unity dll's ...
Register platform support module: C:/Program Files/Unity/Hub/Editor/6000.0.35f1/Editor/Data/PlaybackEngines/WebGLSupport/UnityEditor.WebGL.Extensions.dll
Register platform support module: C:/Program Files/Unity/Hub/Editor/6000.0.35f1/Editor/Data/PlaybackEngines/WindowsStandaloneSupport/UnityEditor.WindowsStandalone.Extensions.dll
Registered in 0.003077 seconds.
- Loaded All Assemblies, in  0.505 seconds
Native extension for WindowsStandalone target not found
Native extension for WebGL target not found
Mono: successfully reloaded assembly
- Finished resetting the current domain, in  0.440 seconds
Domain Reload Profiling: 944ms
	BeginReloadAssembly (176ms)
		ExecutionOrderSort (0ms)
		DisableScriptedObjects (0ms)
		BackupInstance (0ms)
		ReleaseScriptingObjects (0ms)
		CreateAndSetChildDomain (1ms)
	RebuildCommonClasses (52ms)
	RebuildNativeTypeToScriptingClass (15ms)
	initialDomainReloadingComplete (57ms)
	LoadAllAssembliesAndSetupDomain (204ms)
		LoadAssemblies (174ms)
		RebuildTransferFunctionScriptingTraits (0ms)
		AnalyzeDomain (200ms)
			TypeCache.Refresh (198ms)
				TypeCache.ScanAssembly (182ms)
			BuildScriptInfoCaches (0ms)
			ResolveRequiredComponents (1ms)
	FinalizeReload (441ms)
		ReleaseScriptCaches (0ms)
		RebuildScriptCaches (0ms)
		SetupLoadedEditorAssemblies (377ms)
			LogAssemblyErrors (0ms)
			InitializePlatformSupportModulesInManaged (31ms)
			SetLoadedEditorAssemblies (6ms)
			BeforeProcessingInitializeOnLoad (76ms)
			ProcessInitializeOnLoadAttributes (197ms)
			ProcessInitializeOnLoadMethodAttributes (66ms)
			AfterProcessingInitializeOnLoad (0ms)
			EditorAssembliesLoaded (0ms)
		ExecutionOrderSort2 (0ms)
		AwakeInstancesAfterBackupRestoration (0ms)
========================================================================
Worker process is ready to serve import requests
Import Worker Mode flag is 0x00
Begin MonoManager ReloadAssembly
Symbol file data-000001F990CF2360 doesn't match image C:\Users\Soa\Documents\GitHub\Sync-or-Sink\Library\ScriptAssemblies\Assembly-CSharp-Editor.dll
Symbol file LoadedFromMemory is not a mono symbol file
Symbol file data-000001F9921B3020 doesn't match image C:\Users\Soa\Documents\GitHub\Sync-or-Sink\Library\ScriptAssemblies\Assembly-CSharp.dll
Symbol file LoadedFromMemory is not a mono symbol file
Symbol file data-000001F990CF2360 doesn't match image C:\Users\Soa\Documents\GitHub\Sync-or-Sink\Library\ScriptAssemblies\PPv2URPConverters.dll
Symbol file LoadedFromMemory is not a mono symbol file
Symbol file data-000001F9921B3020 doesn't match image C:\Users\Soa\Documents\GitHub\Sync-or-Sink\Library\ScriptAssemblies\PsdPlugin.dll
Symbol file LoadedFromMemory is not a mono symbol file
Symbol file data-000001F99495A460 doesn't match image C:\Users\Soa\Documents\GitHub\Sync-or-Sink\Library\ScriptAssemblies\ScriptablePacker.dll
Symbol file LoadedFromMemory is not a mono symbol file
Symbol file data-000001F993F56010 doesn't match image C:\Users\Soa\Documents\GitHub\Sync-or-Sink\Library\ScriptAssemblies\Unity.2D.Animation.Editor.dll
Symbol file LoadedFromMemory is not a mono symbol file
Symbol file data-000001F9921DB240 doesn't match image C:\Users\Soa\Documents\GitHub\Sync-or-Sink\Library\ScriptAssemblies\Unity.2D.Animation.Runtime.dll
Symbol file LoadedFromMemory is not a mono symbol file
Symbol file data-000001F991189260 doesn't match image C:\Users\Soa\Documents\GitHub\Sync-or-Sink\Library\ScriptAssemblies\Unity.2D.Aseprite.Common.dll
Symbol file LoadedFromMemory is not a mono symbol file
Symbol file data-000001F99335FC30 doesn't match image C:\Users\Soa\Documents\GitHub\Sync-or-Sink\Library\ScriptAssemblies\Unity.2D.Aseprite.Editor.dll
Symbol file LoadedFromMemory is not a mono symbol file
Symbol file data-000001F991189260 doesn't match image C:\Users\Soa\Documents\GitHub\Sync-or-Sink\Library\ScriptAssemblies\Unity.2D.Common.Editor.dll
Symbol file LoadedFromMemory is not a mono symbol file
Symbol file data-000001F9921DB240 doesn't match image C:\Users\Soa\Documents\GitHub\Sync-or-Sink\Library\ScriptAssemblies\Unity.2D.Common.Path.Editor.dll
Symbol file LoadedFromMemory is not a mono symbol file
Symbol file data-000001F993377440 doesn't match image C:\Users\Soa\Documents\GitHub\Sync-or-Sink\Library\ScriptAssemblies\Unity.2D.Common.Runtime.dll
Symbol file LoadedFromMemory is not a mono symbol file
Symbol file data-000001F9921E8650 doesn't match image C:\Users\Soa\Documents\GitHub\Sync-or-Sink\Library\ScriptAssemblies\Unity.2D.IK.Editor.dll
Symbol file LoadedFromMemory is not a mono symbol file
Symbol file data-000001F9921F0060 doesn't match image C:\Users\Soa\Documents\GitHub\Sync-or-Sink\Library\ScriptAssemblies\Unity.2D.IK.Runtime.dll
Symbol file LoadedFromMemory is not a mono symbol file
Symbol file data-000001F9921F0060 doesn't match image C:\Users\Soa\Documents\GitHub\Sync-or-Sink\Library\ScriptAssemblies\Unity.2D.PixelPerfect.dll
Symbol file LoadedFromMemory is not a mono symbol file
Symbol file data-000001F9921F4E70 doesn't match image C:\Users\Soa\Documents\GitHub\Sync-or-Sink\Library\ScriptAssemblies\Unity.2D.PixelPerfect.Editor.dll
Symbol file LoadedFromMemory is not a mono symbol file
Symbol file data-000001F994700A40 doesn't match image C:\Users\Soa\Documents\GitHub\Sync-or-Sink\Library\ScriptAssemblies\Unity.2D.Psdimporter.Editor.dll
Symbol file LoadedFromMemory is not a mono symbol file
Symbol file data-000001F994700A40 doesn't match image C:\Users\Soa\Documents\GitHub\Sync-or-Sink\Library\ScriptAssemblies\Unity.2D.Sprite.Editor.dll
Symbol file LoadedFromMemory is not a mono symbol file
Symbol file data-000001F9921F4E70 doesn't match image C:\Users\Soa\Documents\GitHub\Sync-or-Sink\Library\ScriptAssemblies\Unity.2D.SpriteShape.Editor.dll
Symbol file LoadedFromMemory is not a mono symbol file
Symbol file data-000001F94CDAC010 doesn't match image C:\Users\Soa\Documents\GitHub\Sync-or-Sink\Library\ScriptAssemblies\Unity.2D.SpriteShape.Runtime.dll
Symbol file LoadedFromMemory is not a mono symbol file
Symbol file data-000001F94CDAC010 doesn't match image C:\Users\Soa\Documents\GitHub\Sync-or-Sink\Library\ScriptAssemblies\Unity.2D.Tilemap.Editor.dll
Symbol file LoadedFromMemory is not a mono symbol file
Symbol file data-000001F9921F4E70 doesn't match image C:\Users\Soa\Documents\GitHub\Sync-or-Sink\Library\ScriptAssemblies\Unity.2D.Tilemap.Extras.dll
Symbol file LoadedFromMemory is not a mono symbol file
Symbol file data-000001F9921F4E70 doesn't match image C:\Users\Soa\Documents\GitHub\Sync-or-Sink\Library\ScriptAssemblies\Unity.2D.Tilemap.Extras.Editor.dll
Symbol file LoadedFromMemory is not a mono symbol file
Symbol file data-000001F94CDC7820 doesn't match image C:\Users\Soa\Documents\GitHub\Sync-or-Sink\Library\ScriptAssemblies\Unity.Burst.CodeGen.dll
Symbol file LoadedFromMemory is not a mono symbol file
Symbol file data-000001F94CDC7820 doesn't match image C:\Users\Soa\Documents\GitHub\Sync-or-Sink\Library\ScriptAssemblies\Unity.Burst.dll
Symbol file LoadedFromMemory is not a mono symbol file
Symbol file data-000001F94CDC7820 doesn't match image C:\Users\Soa\Documents\GitHub\Sync-or-Sink\Library\ScriptAssemblies\Unity.Burst.Editor.dll
Symbol file LoadedFromMemory is not a mono symbol file
Symbol file data-000001F991FF4030 doesn't match image C:\Users\Soa\Documents\GitHub\Sync-or-Sink\Library\ScriptAssemblies\Unity.CollabProxy.Editor.dll
Symbol file LoadedFromMemory is not a mono symbol file
Symbol file data-000001F993FB3E20 doesn't match image C:\Users\Soa\Documents\GitHub\Sync-or-Sink\Library\ScriptAssemblies\Unity.Collections.CodeGen.dll
Symbol file LoadedFromMemory is not a mono symbol file
Symbol file data-000001F993219010 doesn't match image C:\Users\Soa\Documents\GitHub\Sync-or-Sink\Library\ScriptAssemblies\Unity.Collections.dll
Symbol file LoadedFromMemory is not a mono symbol file
Symbol file data-000001F993A3D6C0 doesn't match image C:\Users\Soa\Documents\GitHub\Sync-or-Sink\Library\ScriptAssemblies\Unity.Collections.Editor.dll
Symbol file LoadedFromMemory is not a mono symbol file
Symbol file data-000001F94C8C6290 doesn't match image C:\Users\Soa\Documents\GitHub\Sync-or-Sink\Library\ScriptAssemblies\Unity.InputSystem.dll
Symbol file LoadedFromMemory is not a mono symbol file
Symbol file data-000001F993FB3E20 doesn't match image C:\Users\Soa\Documents\GitHub\Sync-or-Sink\Library\ScriptAssemblies\Unity.InputSystem.ForUI.dll
Symbol file LoadedFromMemory is not a mono symbol file
Symbol file data-000001F993FB3E20 doesn't match image C:\Users\Soa\Documents\GitHub\Sync-or-Sink\Library\ScriptAssemblies\Unity.InputSystem.TestFramework.dll
Symbol file LoadedFromMemory is not a mono symbol file
Symbol file data-000001F94CDCF830 doesn't match image C:\Users\Soa\Documents\GitHub\Sync-or-Sink\Library\ScriptAssemblies\Unity.InternalAPIEditorBridge.001.dll
Symbol file LoadedFromMemory is not a mono symbol file
Symbol file data-000001F993285AF0 doesn't match image C:\Users\Soa\Documents\GitHub\Sync-or-Sink\Library\ScriptAssemblies\Unity.InternalAPIEngineBridge.001.dll
Symbol file LoadedFromMemory is not a mono symbol file
Symbol file data-000001F990D60010 doesn't match image C:\Users\Soa\Documents\GitHub\Sync-or-Sink\Library\ScriptAssemblies\Unity.Mathematics.dll
Symbol file LoadedFromMemory is not a mono symbol file
Symbol file data-000001F94CDCF830 doesn't match image C:\Users\Soa\Documents\GitHub\Sync-or-Sink\Library\ScriptAssemblies\Unity.Mathematics.Editor.dll
Symbol file LoadedFromMemory is not a mono symbol file
Symbol file data-000001F94CDCF830 doesn't match image C:\Users\Soa\Documents\GitHub\Sync-or-Sink\Library\ScriptAssemblies\Unity.Multiplayer.Center.Common.dll
Symbol file LoadedFromMemory is not a mono symbol file
Symbol file data-000001F94CDE8840 doesn't match image C:\Users\Soa\Documents\GitHub\Sync-or-Sink\Library\ScriptAssemblies\Unity.Multiplayer.Center.Editor.dll
Symbol file LoadedFromMemory is not a mono symbol file
Symbol file data-000001F94CDF4A50 doesn't match image C:\Users\Soa\Documents\GitHub\Sync-or-Sink\Library\ScriptAssemblies\Unity.PerformanceTesting.dll
Symbol file LoadedFromMemory is not a mono symbol file
Symbol file data-000001F993219010 doesn't match image C:\Users\Soa\Documents\GitHub\Sync-or-Sink\Library\ScriptAssemblies\Unity.PerformanceTesting.Editor.dll
Symbol file LoadedFromMemory is not a mono symbol file
Symbol file data-000001F990D60010 doesn't match image C:\Users\Soa\Documents\GitHub\Sync-or-Sink\Library\ScriptAssemblies\Unity.PlasticSCM.Editor.dll
Symbol file LoadedFromMemory is not a mono symbol file
Symbol file data-000001F991CA6E20 doesn't match image C:\Users\Soa\Documents\GitHub\Sync-or-Sink\Library\ScriptAssemblies\Unity.Rendering.LightTransport.Editor.dll
Symbol file LoadedFromMemory is not a mono symbol file
Symbol file data-000001F990D60010 doesn't match image C:\Users\Soa\Documents\GitHub\Sync-or-Sink\Library\ScriptAssemblies\Unity.Rendering.LightTransport.Runtime.dll
Symbol file LoadedFromMemory is not a mono symbol file
Symbol file data-000001F991CA6E20 doesn't match image C:\Users\Soa\Documents\GitHub\Sync-or-Sink\Library\ScriptAssemblies\Unity.RenderPipeline.Universal.ShaderLibrary.dll
Symbol file LoadedFromMemory is not a mono symbol file
Symbol file data-000001F990D60010 doesn't match image C:\Users\Soa\Documents\GitHub\Sync-or-Sink\Library\ScriptAssemblies\Unity.RenderPipelines.Core.Editor.dll
Symbol file LoadedFromMemory is not a mono symbol file
Symbol file data-000001F991CA6E20 doesn't match image C:\Users\Soa\Documents\GitHub\Sync-or-Sink\Library\ScriptAssemblies\Unity.RenderPipelines.Core.Editor.Shared.dll
Symbol file LoadedFromMemory is not a mono symbol file
Symbol file data-000001F990D70020 doesn't match image C:\Users\Soa\Documents\GitHub\Sync-or-Sink\Library\ScriptAssemblies\Unity.RenderPipelines.Core.Runtime.dll
Symbol file LoadedFromMemory is not a mono symbol file
Symbol file data-000001F991CA6E20 doesn't match image C:\Users\Soa\Documents\GitHub\Sync-or-Sink\Library\ScriptAssemblies\Unity.RenderPipelines.Core.Runtime.Shared.dll
Symbol file LoadedFromMemory is not a mono symbol file
Symbol file data-000001F991CA6E20 doesn't match image C:\Users\Soa\Documents\GitHub\Sync-or-Sink\Library\ScriptAssemblies\Unity.RenderPipelines.Core.ShaderLibrary.dll
Symbol file LoadedFromMemory is not a mono symbol file
Symbol file data-000001F990DA9A30 doesn't match image C:\Users\Soa\Documents\GitHub\Sync-or-Sink\Library\ScriptAssemblies\Unity.RenderPipelines.GPUDriven.Runtime.dll
Symbol file LoadedFromMemory is not a mono symbol file
Symbol file data-000001F991CA6E20 doesn't match image C:\Users\Soa\Documents\GitHub\Sync-or-Sink\Library\ScriptAssemblies\Unity.RenderPipelines.ShaderGraph.ShaderGraphLibrary.dll
Symbol file LoadedFromMemory is not a mono symbol file
Symbol file data-000001F990DA9A30 doesn't match image C:\Users\Soa\Documents\GitHub\Sync-or-Sink\Library\ScriptAssemblies\Unity.RenderPipelines.Universal.2D.Runtime.dll
Symbol file LoadedFromMemory is not a mono symbol file
Symbol file data-000001F991CA6E20 doesn't match image C:\Users\Soa\Documents\GitHub\Sync-or-Sink\Library\ScriptAssemblies\Unity.RenderPipelines.Universal.Config.Runtime.dll
Symbol file LoadedFromMemory is not a mono symbol file
Symbol file data-000001F99250D020 doesn't match image C:\Users\Soa\Documents\GitHub\Sync-or-Sink\Library\ScriptAssemblies\Unity.RenderPipelines.Universal.Editor.dll
Symbol file LoadedFromMemory is not a mono symbol file
Symbol file data-000001F99250D020 doesn't match image C:\Users\Soa\Documents\GitHub\Sync-or-Sink\Library\ScriptAssemblies\Unity.RenderPipelines.Universal.Runtime.dll
Symbol file LoadedFromMemory is not a mono symbol file
Symbol file data-000001F991CA6E20 doesn't match image C:\Users\Soa\Documents\GitHub\Sync-or-Sink\Library\ScriptAssemblies\Unity.RenderPipelines.Universal.Shaders.dll
Symbol file LoadedFromMemory is not a mono symbol file
Symbol file data-000001F990DBD440 doesn't match image C:\Users\Soa\Documents\GitHub\Sync-or-Sink\Library\ScriptAssemblies\Unity.Rider.Editor.dll
Symbol file LoadedFromMemory is not a mono symbol file
Symbol file data-000001F990DC8050 doesn't match image C:\Users\Soa\Documents\GitHub\Sync-or-Sink\Library\ScriptAssemblies\Unity.Searcher.Editor.dll
Symbol file LoadedFromMemory is not a mono symbol file
Symbol file data-000001F992A36030 doesn't match image C:\Users\Soa\Documents\GitHub\Sync-or-Sink\Library\ScriptAssemblies\Unity.ShaderGraph.Editor.dll
Symbol file LoadedFromMemory is not a mono symbol file
Symbol file data-000001F991CADAB0 doesn't match image C:\Users\Soa\Documents\GitHub\Sync-or-Sink\Library\ScriptAssemblies\Unity.ShaderGraph.Utilities.dll
Symbol file LoadedFromMemory is not a mono symbol file
Symbol file data-000001F99212DE20 doesn't match image C:\Users\Soa\Documents\GitHub\Sync-or-Sink\Library\ScriptAssemblies\Unity.TextMeshPro.dll
Symbol file LoadedFromMemory is not a mono symbol file
Symbol file data-000001F99212DE20 doesn't match image C:\Users\Soa\Documents\GitHub\Sync-or-Sink\Library\ScriptAssemblies\Unity.TextMeshPro.Editor.dll
Symbol file LoadedFromMemory is not a mono symbol file
Symbol file data-000001F992155A30 doesn't match image C:\Users\Soa\Documents\GitHub\Sync-or-Sink\Library\ScriptAssemblies\Unity.Timeline.dll
Symbol file LoadedFromMemory is not a mono symbol file
Symbol file data-000001F992A36030 doesn't match image C:\Users\Soa\Documents\GitHub\Sync-or-Sink\Library\ScriptAssemblies\Unity.Timeline.Editor.dll
Symbol file LoadedFromMemory is not a mono symbol file
Symbol file data-000001F992316230 doesn't match image C:\Users\Soa\Documents\GitHub\Sync-or-Sink\Library\ScriptAssemblies\Unity.VisualScripting.Core.dll
Symbol file LoadedFromMemory is not a mono symbol file
Symbol file data-000001F9923C3010 doesn't match image C:\Users\Soa\Documents\GitHub\Sync-or-Sink\Library\ScriptAssemblies\Unity.VisualScripting.Core.Editor.dll
Symbol file LoadedFromMemory is not a mono symbol file
Symbol file data-000001F992316230 doesn't match image C:\Users\Soa\Documents\GitHub\Sync-or-Sink\Library\ScriptAssemblies\Unity.VisualScripting.Flow.dll
Symbol file LoadedFromMemory is not a mono symbol file
Symbol file data-000001F992316230 doesn't match image C:\Users\Soa\Documents\GitHub\Sync-or-Sink\Library\ScriptAssemblies\Unity.VisualScripting.Flow.Editor.dll
Symbol file LoadedFromMemory is not a mono symbol file
Symbol file data-000001F992155A30 doesn't match image C:\Users\Soa\Documents\GitHub\Sync-or-Sink\Library\ScriptAssemblies\Unity.VisualScripting.SettingsProvider.Editor.dll
Symbol file LoadedFromMemory is not a mono symbol file
Symbol file data-000001F992155A30 doesn't match image C:\Users\Soa\Documents\GitHub\Sync-or-Sink\Library\ScriptAssemblies\Unity.VisualScripting.Shared.Editor.dll
Symbol file LoadedFromMemory is not a mono symbol file
Symbol file data-000001F99215E040 doesn't match image C:\Users\Soa\Documents\GitHub\Sync-or-Sink\Library\ScriptAssemblies\Unity.VisualScripting.State.dll
Symbol file LoadedFromMemory is not a mono symbol file
Symbol file data-000001F99215E040 doesn't match image C:\Users\Soa\Documents\GitHub\Sync-or-Sink\Library\ScriptAssemblies\Unity.VisualScripting.State.Editor.dll
Symbol file LoadedFromMemory is not a mono symbol file
Symbol file data-000001F992ADBC40 doesn't match image C:\Users\Soa\Documents\GitHub\Sync-or-Sink\Library\ScriptAssemblies\Unity.VisualStudio.Editor.dll
Symbol file LoadedFromMemory is not a mono symbol file
Symbol file data-000001F99233A440 doesn't match image C:\Users\Soa\Documents\GitHub\Sync-or-Sink\Library\ScriptAssemblies\UnityEditor.TestRunner.dll
Symbol file LoadedFromMemory is not a mono symbol file
Symbol file data-000001F99215E040 doesn't match image C:\Users\Soa\Documents\GitHub\Sync-or-Sink\Library\ScriptAssemblies\UnityEditor.UI.dll
Symbol file LoadedFromMemory is not a mono symbol file
Symbol file data-000001F991DDB430 doesn't match image C:\Users\Soa\Documents\GitHub\Sync-or-Sink\Library\ScriptAssemblies\UnityEngine.TestRunner.dll
Symbol file LoadedFromMemory is not a mono symbol file
Symbol file data-000001F991E24E40 doesn't match image C:\Users\Soa\Documents\GitHub\Sync-or-Sink\Library\ScriptAssemblies\UnityEngine.UI.dll
Symbol file LoadedFromMemory is not a mono symbol file
- Loaded All Assemblies, in  1.140 seconds
Refreshing native plugins compatible for Editor in 1.54 ms, found 4 plugins.
Native extension for WindowsStandalone target not found
Native extension for WebGL target not found
Mono: successfully reloaded assembly
- Finished resetting the current domain, in  1.198 seconds
Domain Reload Profiling: 2334ms
	BeginReloadAssembly (255ms)
		ExecutionOrderSort (0ms)
		DisableScriptedObjects (8ms)
		BackupInstance (0ms)
		ReleaseScriptingObjects (0ms)
		CreateAndSetChildDomain (40ms)
	RebuildCommonClasses (54ms)
	RebuildNativeTypeToScriptingClass (16ms)
	initialDomainReloadingComplete (51ms)
	LoadAllAssembliesAndSetupDomain (759ms)
		LoadAssemblies (541ms)
		RebuildTransferFunctionScriptingTraits (0ms)
		AnalyzeDomain (373ms)
			TypeCache.Refresh (272ms)
				TypeCache.ScanAssembly (251ms)
			BuildScriptInfoCaches (81ms)
			ResolveRequiredComponents (16ms)
	FinalizeReload (1199ms)
		ReleaseScriptCaches (0ms)
		RebuildScriptCaches (0ms)
		SetupLoadedEditorAssemblies (1020ms)
			LogAssemblyErrors (0ms)
			InitializePlatformSupportModulesInManaged (4ms)
			SetLoadedEditorAssemblies (9ms)
			BeforeProcessingInitializeOnLoad (249ms)
			ProcessInitializeOnLoadAttributes (606ms)
			ProcessInitializeOnLoadMethodAttributes (147ms)
			AfterProcessingInitializeOnLoad (5ms)
			EditorAssembliesLoaded (0ms)
		ExecutionOrderSort2 (0ms)
		AwakeInstancesAfterBackupRestoration (7ms)
Launched and connected shader compiler UnityShaderCompiler.exe after 0.01 seconds
Refreshing native plugins compatible for Editor in 2.20 ms, found 4 plugins.
Preloading 0 native plugins for Editor in 0.00 ms.
Unloading 220 Unused Serialized files (Serialized files now loaded: 0)
Unloading 6605 unused Assets / (4.6 MB). Loaded Objects now: 7318.
Memory consumption went from 177.7 MB to 173.1 MB.
Total: 14.204800 ms (FindLiveObjects: 1.399400 ms CreateObjectMapping: 1.283600 ms MarkObjects: 7.973100 ms  DeleteObjects: 3.547200 ms)

========================================================================
Received Import Request.
  Time since last request: 104111.376308 seconds.
  path: Assets/Images/background.png
  artifactKey: Guid(b8731844f29e4ff479feba182a131cd6) Importer(815301076,1909f56bfc062723c751e8b465ee728b)
Start importing Assets/Images/background.png using Guid(b8731844f29e4ff479feba182a131cd6) Importer(815301076,1909f56bfc062723c751e8b465ee728b) (PreviewImporter) -> (artifact id: '7f1579272b9ee8e03b1eb00255027d0f') in 0.122173 seconds
Number of updated asset objects reloaded before import = 0Number of asset objects unloaded after import = 3

========================================================================
Received Import Request.
  Time since last request: 4.657462 seconds.
  path: Packages/com.unity.2d.animation/Editor/Assets/EditorIcons/Light/Sprite_Mode@4x.png
  artifactKey: Guid(554a30a45860f494ca38586c54b7e5d9) Importer(815301076,1909f56bfc062723c751e8b465ee728b)
Start importing Packages/com.unity.2d.animation/Editor/Assets/EditorIcons/Light/Sprite_Mode@4x.png using Guid(554a30a45860f494ca38586c54b7e5d9) Importer(815301076,1909f56bfc062723c751e8b465ee728b) (PreviewImporter) -> (artifact id: '96a345f5fde61ea12337955f277bdffd') in 0.0189159 seconds
Number of updated asset objects reloaded before import = 0Number of asset objects unloaded after import = 3

========================================================================
Received Import Request.
  Time since last request: 0.000019 seconds.
  path: Packages/com.unity.2d.sprite/Editor/ObjectMenuCreation/DefaultAssets/Textures/v2/Square.png
  artifactKey: Guid(311925a002f4447b3a28927169b83ea6) Importer(815301076,1909f56bfc062723c751e8b465ee728b)
Start importing Packages/com.unity.2d.sprite/Editor/ObjectMenuCreation/DefaultAssets/Textures/v2/Square.png using Guid(311925a002f4447b3a28927169b83ea6) Importer(815301076,1909f56bfc062723c751e8b465ee728b) (PreviewImporter) -> (artifact id: '76722098835a6a7b5c5c47cf18fc827e') in 0.0296401 seconds
Number of updated asset objects reloaded before import = 0Number of asset objects unloaded after import = 3

========================================================================
Received Import Request.
  Time since last request: 0.000027 seconds.
  path: Packages/com.unity.2d.spriteshape/Editor/Handles/ss_playhead.png
  artifactKey: Guid(9ea72647c24be493ba6f15a9cd2a24ae) Importer(815301076,1909f56bfc062723c751e8b465ee728b)
Start importing Packages/com.unity.2d.spriteshape/Editor/Handles/ss_playhead.png using Guid(9ea72647c24be493ba6f15a9cd2a24ae) Importer(815301076,1909f56bfc062723c751e8b465ee728b) (PreviewImporter) -> (artifact id: '684d62d2e0ec94a04c66ce0ff9842073') in 0.0263558 seconds
Number of updated asset objects reloaded before import = 0Number of asset objects unloaded after import = 3

========================================================================
Received Import Request.
  Time since last request: 0.000015 seconds.
  path: Packages/com.unity.2d.sprite/Editor/ObjectMenuCreation/DefaultAssets/Textures/Square.png
  artifactKey: Guid(48e93eef0688c4a259cb0eddcd8661f7) Importer(815301076,1909f56bfc062723c751e8b465ee728b)
Start importing Packages/com.unity.2d.sprite/Editor/ObjectMenuCreation/DefaultAssets/Textures/Square.png using Guid(48e93eef0688c4a259cb0eddcd8661f7) Importer(815301076,1909f56bfc062723c751e8b465ee728b) (PreviewImporter) -> (artifact id: '125aba21f4caccee9c0d20845227acbf') in 0.0138496 seconds
Number of updated asset objects reloaded before import = 0Number of asset objects unloaded after import = 3

========================================================================
Received Import Request.
  Time since last request: 0.000020 seconds.
  path: Packages/com.unity.2d.sprite/Editor/ObjectMenuCreation/DefaultAssets/Textures/SquareWithBorder.png
  artifactKey: Guid(db750325989564987a34393247d883b4) Importer(815301076,1909f56bfc062723c751e8b465ee728b)
Start importing Packages/com.unity.2d.sprite/Editor/ObjectMenuCreation/DefaultAssets/Textures/SquareWithBorder.png using Guid(db750325989564987a34393247d883b4) Importer(815301076,1909f56bfc062723c751e8b465ee728b) (PreviewImporter) -> (artifact id: 'dc8e693dd2f3b4bc95e5cef9e9dcba44') in 0.0296016 seconds
Number of updated asset objects reloaded before import = 0Number of asset objects unloaded after import = 3

========================================================================
Received Import Request.
  Time since last request: 0.000018 seconds.
  path: Packages/com.unity.2d.spriteshape/Editor/Handles/ss_rightrange.png
  artifactKey: Guid(ee5df01235032491c8b180741ea820fe) Importer(815301076,1909f56bfc062723c751e8b465ee728b)
Start importing Packages/com.unity.2d.spriteshape/Editor/Handles/ss_rightrange.png using Guid(ee5df01235032491c8b180741ea820fe) Importer(815301076,1909f56bfc062723c751e8b465ee728b) (PreviewImporter) -> (artifact id: '20499923716afd6bafc03c754d56d6ff') in 0.0252613 seconds
Number of updated asset objects reloaded before import = 0Number of asset objects unloaded after import = 3

========================================================================
Received Import Request.
  Time since last request: 7.563045 seconds.
  path: Assets/LeanTween/Examples/Material/Futuro_ButtonBack.psd
  artifactKey: Guid(b3abce7efa3854a4cb1dd6b47f553027) Importer(815301076,1909f56bfc062723c751e8b465ee728b)
Start importing Assets/LeanTween/Examples/Material/Futuro_ButtonBack.psd using Guid(b3abce7efa3854a4cb1dd6b47f553027) Importer(815301076,1909f56bfc062723c751e8b465ee728b) (PreviewImporter) -> (artifact id: 'b4c4842eceab3deada663d49c5210974') in 0.0237701 seconds
Number of updated asset objects reloaded before import = 0Number of asset objects unloaded after import = 3

========================================================================
Received Import Request.
  Time since last request: 0.000022 seconds.
  path: Assets/LeanTween/Examples/Material/Futuro_WindowBack.psd
  artifactKey: Guid(678c92572cc724845a460c87117f5353) Importer(815301076,1909f56bfc062723c751e8b465ee728b)
Start importing Assets/LeanTween/Examples/Material/Futuro_WindowBack.psd using Guid(678c92572cc724845a460c87117f5353) Importer(815301076,1909f56bfc062723c751e8b465ee728b) (PreviewImporter) -> (artifact id: 'b08b9ccc6074abe8636c8e1c1fee90ee') in 0.0304075 seconds
Number of updated asset objects reloaded before import = 0Number of asset objects unloaded after import = 3

========================================================================
Received Import Request.
  Time since last request: 116.528970 seconds.
  path: Packages/com.unity.2d.sprite/Editor/ObjectMenuCreation/DefaultAssets/Textures/v2/Circle.png
  artifactKey: Guid(a86470a33a6bf42c4b3595704624658b) Importer(815301076,1909f56bfc062723c751e8b465ee728b)
Start importing Packages/com.unity.2d.sprite/Editor/ObjectMenuCreation/DefaultAssets/Textures/v2/Circle.png using Guid(a86470a33a6bf42c4b3595704624658b) Importer(815301076,1909f56bfc062723c751e8b465ee728b) (PreviewImporter) -> (artifact id: '7ce120327ec762c7b9b439fea00e6a13') in 0.0212434 seconds
Number of updated asset objects reloaded before import = 0Number of asset objects unloaded after import = 3

========================================================================
Received Import Request.
  Time since last request: 0.000016 seconds.
  path: Packages/com.unity.2d.animation/Editor/Assets/EditorIcons/Selected/Copy.png
  artifactKey: Guid(678095381d851334fb550c5032ba1a81) Importer(815301076,1909f56bfc062723c751e8b465ee728b)
Start importing Packages/com.unity.2d.animation/Editor/Assets/EditorIcons/Selected/Copy.png using Guid(678095381d851334fb550c5032ba1a81) Importer(815301076,1909f56bfc062723c751e8b465ee728b) (PreviewImporter) -> (artifact id: 'dfa7057c20dbce4bd4c9782e2f93f71d') in 0.0204597 seconds
Number of updated asset objects reloaded before import = 0Number of asset objects unloaded after import = 3

========================================================================
Received Import Request.
  Time since last request: 0.000018 seconds.
  path: Packages/com.unity.2d.sprite/Editor/ObjectMenuCreation/DefaultAssets/Textures/Circle.png
  artifactKey: Guid(ebe73ca9363db456bacf42c025bb4847) Importer(815301076,1909f56bfc062723c751e8b465ee728b)
Start importing Packages/com.unity.2d.sprite/Editor/ObjectMenuCreation/DefaultAssets/Textures/Circle.png using Guid(ebe73ca9363db456bacf42c025bb4847) Importer(815301076,1909f56bfc062723c751e8b465ee728b) (PreviewImporter) -> (artifact id: '36f906439e8d7483f224ad635a06de1a') in 0.0117848 seconds
Number of updated asset objects reloaded before import = 0Number of asset objects unloaded after import = 3

========================================================================
Received Import Request.
  Time since last request: 2.526162 seconds.
  path: Packages/com.unity.2d.animation/Editor/Assets/ComponentIcons/d_Animation.SpriteLibrary@256.png
  artifactKey: Guid(30a9527ec1b074aca87fdc4fd12b0f0b) Importer(815301076,1909f56bfc062723c751e8b465ee728b)
Start importing Packages/com.unity.2d.animation/Editor/Assets/ComponentIcons/d_Animation.SpriteLibrary@256.png using Guid(30a9527ec1b074aca87fdc4fd12b0f0b) Importer(815301076,1909f56bfc062723c751e8b465ee728b) (PreviewImporter) -> (artifact id: 'f911079252aa0a847a7982aa61fa4960') in 0.0187873 seconds
Number of updated asset objects reloaded before import = 0Number of asset objects unloaded after import = 3

========================================================================
Received Import Request.
  Time since last request: 0.000017 seconds.
  path: Packages/com.unity.2d.animation/Editor/Assets/ComponentIcons/d_Animation.SpriteLibraryManager@32.png
  artifactKey: Guid(c07475be16e5e4093a78d5271ca3abfd) Importer(815301076,1909f56bfc062723c751e8b465ee728b)
Start importing Packages/com.unity.2d.animation/Editor/Assets/ComponentIcons/d_Animation.SpriteLibraryManager@32.png using Guid(c07475be16e5e4093a78d5271ca3abfd) Importer(815301076,1909f56bfc062723c751e8b465ee728b) (PreviewImporter) -> (artifact id: 'ef6564df0b0d95e234b4c27d78d98d43') in 0.0188427 seconds
Number of updated asset objects reloaded before import = 0Number of asset objects unloaded after import = 3

========================================================================
Received Import Request.
  Time since last request: 5.426660 seconds.
  path: Packages/com.unity.2d.animation/Editor/Assets/EditorIcons/Light/character_Mode.png
  artifactKey: Guid(d4d64a6cd9624c34a815dd79fb2a20a4) Importer(815301076,1909f56bfc062723c751e8b465ee728b)
Start importing Packages/com.unity.2d.animation/Editor/Assets/EditorIcons/Light/character_Mode.png using Guid(d4d64a6cd9624c34a815dd79fb2a20a4) Importer(815301076,1909f56bfc062723c751e8b465ee728b) (PreviewImporter) -> (artifact id: 'c786cb3720006de6b6dae531c6503be7') in 0.0224624 seconds
Number of updated asset objects reloaded before import = 0Number of asset objects unloaded after import = 3

========================================================================
Received Import Request.
  Time since last request: 3.020411 seconds.
  path: Packages/com.unity.2d.sprite/Editor/ObjectMenuCreation/DefaultAssets/Textures/v2/Capsule.png
  artifactKey: Guid(207ee8102dd4143d288186ef0be518ee) Importer(815301076,1909f56bfc062723c751e8b465ee728b)
Start importing Packages/com.unity.2d.sprite/Editor/ObjectMenuCreation/DefaultAssets/Textures/v2/Capsule.png using Guid(207ee8102dd4143d288186ef0be518ee) Importer(815301076,1909f56bfc062723c751e8b465ee728b) (PreviewImporter) -> (artifact id: 'd232aeae041878a774f5d10c2f2d5096') in 0.0232924 seconds
Number of updated asset objects reloaded before import = 0Number of asset objects unloaded after import = 3

========================================================================
Received Import Request.
  Time since last request: 0.000020 seconds.
  path: Packages/com.unity.2d.sprite/Editor/ObjectMenuCreation/DefaultAssets/Textures/v2/IsometricDiamond.png
  artifactKey: Guid(19fb86013d8c24d6cb8410c0aadf30fa) Importer(815301076,1909f56bfc062723c751e8b465ee728b)
Start importing Packages/com.unity.2d.sprite/Editor/ObjectMenuCreation/DefaultAssets/Textures/v2/IsometricDiamond.png using Guid(19fb86013d8c24d6cb8410c0aadf30fa) Importer(815301076,1909f56bfc062723c751e8b465ee728b) (PreviewImporter) -> (artifact id: '72767d76e806399339d7f7894f132c3b') in 0.0206093 seconds
Number of updated asset objects reloaded before import = 0Number of asset objects unloaded after import = 3

========================================================================
Received Import Request.
  Time since last request: 6.725803 seconds.
  path: Packages/com.unity.2d.animation/Editor/Assets/ComponentIcons/d_Animation.IKLimb@128.png
  artifactKey: Guid(4328211baea95405ab6b8d24456fcbc9) Importer(815301076,1909f56bfc062723c751e8b465ee728b)
Start importing Packages/com.unity.2d.animation/Editor/Assets/ComponentIcons/d_Animation.IKLimb@128.png using Guid(4328211baea95405ab6b8d24456fcbc9) Importer(815301076,1909f56bfc062723c751e8b465ee728b) (PreviewImporter) -> (artifact id: '9706abbfff7b60ed3e72da7506444afc') in 0.0253124 seconds
Number of updated asset objects reloaded before import = 0Number of asset objects unloaded after import = 3

========================================================================
Received Import Request.
  Time since last request: 0.000015 seconds.
  path: Packages/com.unity.2d.animation/Editor/Assets/ComponentIcons/d_Animation.IKManager@32.png
  artifactKey: Guid(305b8effee6b040328c293f518335b37) Importer(815301076,1909f56bfc062723c751e8b465ee728b)
Start importing Packages/com.unity.2d.animation/Editor/Assets/ComponentIcons/d_Animation.IKManager@32.png using Guid(305b8effee6b040328c293f518335b37) Importer(815301076,1909f56bfc062723c751e8b465ee728b) (PreviewImporter) -> (artifact id: '577aa538f342136cb614b3c18574a2af') in 0.0205145 seconds
Number of updated asset objects reloaded before import = 0Number of asset objects unloaded after import = 3

========================================================================
Received Prepare
Begin MonoManager ReloadAssembly
Symbol file data-000001F990741F00 doesn't match image C:\Users\Soa\Documents\GitHub\Sync-or-Sink\Library\ScriptAssemblies\Assembly-CSharp-Editor.dll
Symbol file LoadedFromMemory is not a mono symbol file
Symbol file data-000001F9947F7020 doesn't match image C:\Users\Soa\Documents\GitHub\Sync-or-Sink\Library\ScriptAssemblies\Assembly-CSharp.dll
Symbol file LoadedFromMemory is not a mono symbol file
Symbol file data-000001F990741F00 doesn't match image C:\Users\Soa\Documents\GitHub\Sync-or-Sink\Library\ScriptAssemblies\PPv2URPConverters.dll
Symbol file LoadedFromMemory is not a mono symbol file
Symbol file data-000001F99E730010 doesn't match image C:\Users\Soa\Documents\GitHub\Sync-or-Sink\Library\ScriptAssemblies\PsdPlugin.dll
Symbol file LoadedFromMemory is not a mono symbol file
Symbol file data-000001F99F34C020 doesn't match image C:\Users\Soa\Documents\GitHub\Sync-or-Sink\Library\ScriptAssemblies\ScriptablePacker.dll
Symbol file LoadedFromMemory is not a mono symbol file
Symbol file data-000001F995521080 doesn't match image C:\Users\Soa\Documents\GitHub\Sync-or-Sink\Library\ScriptAssemblies\Unity.2D.Animation.Editor.dll
Symbol file LoadedFromMemory is not a mono symbol file
Symbol file data-000001F99ED0E020 doesn't match image C:\Users\Soa\Documents\GitHub\Sync-or-Sink\Library\ScriptAssemblies\Unity.2D.Animation.Runtime.dll
Symbol file LoadedFromMemory is not a mono symbol file
Symbol file data-000001F9A1BC2E50 doesn't match image C:\Users\Soa\Documents\GitHub\Sync-or-Sink\Library\ScriptAssemblies\Unity.2D.Aseprite.Common.dll
Symbol file LoadedFromMemory is not a mono symbol file
Symbol file data-000001F993A46560 doesn't match image C:\Users\Soa\Documents\GitHub\Sync-or-Sink\Library\ScriptAssemblies\Unity.2D.Aseprite.Editor.dll
Symbol file LoadedFromMemory is not a mono symbol file
Symbol file data-000001F9908896E0 doesn't match image C:\Users\Soa\Documents\GitHub\Sync-or-Sink\Library\ScriptAssemblies\Unity.2D.Common.Editor.dll
Symbol file LoadedFromMemory is not a mono symbol file
Symbol file data-000001F99E730010 doesn't match image C:\Users\Soa\Documents\GitHub\Sync-or-Sink\Library\ScriptAssemblies\Unity.2D.Common.Path.Editor.dll
Symbol file LoadedFromMemory is not a mono symbol file
Symbol file data-000001F990B2C010 doesn't match image C:\Users\Soa\Documents\GitHub\Sync-or-Sink\Library\ScriptAssemblies\Unity.2D.Common.Runtime.dll
Symbol file LoadedFromMemory is not a mono symbol file
Symbol file data-000001F99150FA40 doesn't match image C:\Users\Soa\Documents\GitHub\Sync-or-Sink\Library\ScriptAssemblies\Unity.2D.IK.Editor.dll
Symbol file LoadedFromMemory is not a mono symbol file
Symbol file data-000001F9908896E0 doesn't match image C:\Users\Soa\Documents\GitHub\Sync-or-Sink\Library\ScriptAssemblies\Unity.2D.IK.Runtime.dll
Symbol file LoadedFromMemory is not a mono symbol file
Symbol file data-000001F9912DCA60 doesn't match image C:\Users\Soa\Documents\GitHub\Sync-or-Sink\Library\ScriptAssemblies\Unity.2D.PixelPerfect.dll
Symbol file LoadedFromMemory is not a mono symbol file
Symbol file data-000001F990DE4410 doesn't match image C:\Users\Soa\Documents\GitHub\Sync-or-Sink\Library\ScriptAssemblies\Unity.2D.PixelPerfect.Editor.dll
Symbol file LoadedFromMemory is not a mono symbol file
Symbol file data-000001F990B55010 doesn't match image C:\Users\Soa\Documents\GitHub\Sync-or-Sink\Library\ScriptAssemblies\Unity.2D.Psdimporter.Editor.dll
Symbol file LoadedFromMemory is not a mono symbol file
Symbol file data-000001F9947F7020 doesn't match image C:\Users\Soa\Documents\GitHub\Sync-or-Sink\Library\ScriptAssemblies\Unity.2D.Sprite.Editor.dll
Symbol file LoadedFromMemory is not a mono symbol file
Symbol file data-000001F9935BF820 doesn't match image C:\Users\Soa\Documents\GitHub\Sync-or-Sink\Library\ScriptAssemblies\Unity.2D.SpriteShape.Editor.dll
Symbol file LoadedFromMemory is not a mono symbol file
Symbol file data-000001F990DFC430 doesn't match image C:\Users\Soa\Documents\GitHub\Sync-or-Sink\Library\ScriptAssemblies\Unity.2D.SpriteShape.Runtime.dll
Symbol file LoadedFromMemory is not a mono symbol file
Symbol file data-000001F994EA9330 doesn't match image C:\Users\Soa\Documents\GitHub\Sync-or-Sink\Library\ScriptAssemblies\Unity.2D.Tilemap.Editor.dll
Symbol file LoadedFromMemory is not a mono symbol file
Symbol file data-000001F9908896E0 doesn't match image C:\Users\Soa\Documents\GitHub\Sync-or-Sink\Library\ScriptAssemblies\Unity.2D.Tilemap.Extras.dll
Symbol file LoadedFromMemory is not a mono symbol file
Symbol file data-000001F9935BF820 doesn't match image C:\Users\Soa\Documents\GitHub\Sync-or-Sink\Library\ScriptAssemblies\Unity.2D.Tilemap.Extras.Editor.dll
Symbol file LoadedFromMemory is not a mono symbol file
Symbol file data-000001F990B2C010 doesn't match image C:\Users\Soa\Documents\GitHub\Sync-or-Sink\Library\ScriptAssemblies\Unity.Burst.CodeGen.dll
Symbol file LoadedFromMemory is not a mono symbol file
Symbol file data-000001F994EA9330 doesn't match image C:\Users\Soa\Documents\GitHub\Sync-or-Sink\Library\ScriptAssemblies\Unity.Burst.dll
Symbol file LoadedFromMemory is not a mono symbol file
Symbol file data-000001F9A0D42020 doesn't match image C:\Users\Soa\Documents\GitHub\Sync-or-Sink\Library\ScriptAssemblies\Unity.Burst.Editor.dll
Symbol file LoadedFromMemory is not a mono symbol file
Symbol file data-000001F99480F430 doesn't match image C:\Users\Soa\Documents\GitHub\Sync-or-Sink\Library\ScriptAssemblies\Unity.CollabProxy.Editor.dll
Symbol file LoadedFromMemory is not a mono symbol file
Symbol file data-000001F990DE4410 doesn't match image C:\Users\Soa\Documents\GitHub\Sync-or-Sink\Library\ScriptAssemblies\Unity.Collections.CodeGen.dll
Symbol file LoadedFromMemory is not a mono symbol file
Symbol file data-000001F9946D7030 doesn't match image C:\Users\Soa\Documents\GitHub\Sync-or-Sink\Library\ScriptAssemblies\Unity.Collections.dll
Symbol file LoadedFromMemory is not a mono symbol file
Symbol file data-000001F990DE4410 doesn't match image C:\Users\Soa\Documents\GitHub\Sync-or-Sink\Library\ScriptAssemblies\Unity.Collections.Editor.dll
Symbol file LoadedFromMemory is not a mono symbol file
Symbol file data-000001F94CC7ECC0 doesn't match image C:\Users\Soa\Documents\GitHub\Sync-or-Sink\Library\ScriptAssemblies\Unity.InputSystem.dll
Symbol file LoadedFromMemory is not a mono symbol file
Symbol file data-000001F995403030 doesn't match image C:\Users\Soa\Documents\GitHub\Sync-or-Sink\Library\ScriptAssemblies\Unity.InputSystem.ForUI.dll
Symbol file LoadedFromMemory is not a mono symbol file
Symbol file data-000001F9908896E0 doesn't match image C:\Users\Soa\Documents\GitHub\Sync-or-Sink\Library\ScriptAssemblies\Unity.InputSystem.TestFramework.dll
Symbol file LoadedFromMemory is not a mono symbol file
Symbol file data-000001F995403030 doesn't match image C:\Users\Soa\Documents\GitHub\Sync-or-Sink\Library\ScriptAssemblies\Unity.InternalAPIEditorBridge.001.dll
Symbol file LoadedFromMemory is not a mono symbol file
Symbol file data-000001F995403030 doesn't match image C:\Users\Soa\Documents\GitHub\Sync-or-Sink\Library\ScriptAssemblies\Unity.InternalAPIEngineBridge.001.dll
Symbol file LoadedFromMemory is not a mono symbol file
Symbol file data-000001F9920E8010 doesn't match image C:\Users\Soa\Documents\GitHub\Sync-or-Sink\Library\ScriptAssemblies\Unity.Mathematics.dll
Symbol file LoadedFromMemory is not a mono symbol file
Symbol file data-000001F99F1514A0 doesn't match image C:\Users\Soa\Documents\GitHub\Sync-or-Sink\Library\ScriptAssemblies\Unity.Mathematics.Editor.dll
Symbol file LoadedFromMemory is not a mono symbol file
Symbol file data-000001F99F1514A0 doesn't match image C:\Users\Soa\Documents\GitHub\Sync-or-Sink\Library\ScriptAssemblies\Unity.Multiplayer.Center.Common.dll
Symbol file LoadedFromMemory is not a mono symbol file
Symbol file data-000001F993E84010 doesn't match image C:\Users\Soa\Documents\GitHub\Sync-or-Sink\Library\ScriptAssemblies\Unity.Multiplayer.Center.Editor.dll
Symbol file LoadedFromMemory is not a mono symbol file
Symbol file data-000001F990B2C010 doesn't match image C:\Users\Soa\Documents\GitHub\Sync-or-Sink\Library\ScriptAssemblies\Unity.PerformanceTesting.dll
Symbol file LoadedFromMemory is not a mono symbol file
Symbol file data-000001F9910E2CE0 doesn't match image C:\Users\Soa\Documents\GitHub\Sync-or-Sink\Library\ScriptAssemblies\Unity.PerformanceTesting.Editor.dll
Symbol file LoadedFromMemory is not a mono symbol file
Symbol file data-000001F99DB52020 doesn't match image C:\Users\Soa\Documents\GitHub\Sync-or-Sink\Library\ScriptAssemblies\Unity.PlasticSCM.Editor.dll
Symbol file LoadedFromMemory is not a mono symbol file
Symbol file data-000001F9A0D5B030 doesn't match image C:\Users\Soa\Documents\GitHub\Sync-or-Sink\Library\ScriptAssemblies\Unity.Rendering.LightTransport.Editor.dll
Symbol file LoadedFromMemory is not a mono symbol file
Symbol file data-000001F990AD5020 doesn't match image C:\Users\Soa\Documents\GitHub\Sync-or-Sink\Library\ScriptAssemblies\Unity.Rendering.LightTransport.Runtime.dll
Symbol file LoadedFromMemory is not a mono symbol file
Symbol file data-000001F9A0D5B030 doesn't match image C:\Users\Soa\Documents\GitHub\Sync-or-Sink\Library\ScriptAssemblies\Unity.RenderPipeline.Universal.ShaderLibrary.dll
Symbol file LoadedFromMemory is not a mono symbol file
Symbol file data-000001F99DB52020 doesn't match image C:\Users\Soa\Documents\GitHub\Sync-or-Sink\Library\ScriptAssemblies\Unity.RenderPipelines.Core.Editor.dll
Symbol file LoadedFromMemory is not a mono symbol file
Symbol file data-000001F9A0D5B030 doesn't match image C:\Users\Soa\Documents\GitHub\Sync-or-Sink\Library\ScriptAssemblies\Unity.RenderPipelines.Core.Editor.Shared.dll
Symbol file LoadedFromMemory is not a mono symbol file
Symbol file data-000001F993218F10 doesn't match image C:\Users\Soa\Documents\GitHub\Sync-or-Sink\Library\ScriptAssemblies\Unity.RenderPipelines.Core.Runtime.dll
Symbol file LoadedFromMemory is not a mono symbol file
Symbol file data-000001F9A0D5B030 doesn't match image C:\Users\Soa\Documents\GitHub\Sync-or-Sink\Library\ScriptAssemblies\Unity.RenderPipelines.Core.Runtime.Shared.dll
Symbol file LoadedFromMemory is not a mono symbol file
Symbol file data-000001F9A0D5B030 doesn't match image C:\Users\Soa\Documents\GitHub\Sync-or-Sink\Library\ScriptAssemblies\Unity.RenderPipelines.Core.ShaderLibrary.dll
Symbol file LoadedFromMemory is not a mono symbol file
Symbol file data-000001F9A0605010 doesn't match image C:\Users\Soa\Documents\GitHub\Sync-or-Sink\Library\ScriptAssemblies\Unity.RenderPipelines.GPUDriven.Runtime.dll
Symbol file LoadedFromMemory is not a mono symbol file
Symbol file data-000001F993A5DD70 doesn't match image C:\Users\Soa\Documents\GitHub\Sync-or-Sink\Library\ScriptAssemblies\Unity.RenderPipelines.ShaderGraph.ShaderGraphLibrary.dll
Symbol file LoadedFromMemory is not a mono symbol file
Symbol file data-000001F94CD4DE30 doesn't match image C:\Users\Soa\Documents\GitHub\Sync-or-Sink\Library\ScriptAssemblies\Unity.RenderPipelines.Universal.2D.Runtime.dll
Symbol file LoadedFromMemory is not a mono symbol file
Symbol file data-000001F9A0D5B030 doesn't match image C:\Users\Soa\Documents\GitHub\Sync-or-Sink\Library\ScriptAssemblies\Unity.RenderPipelines.Universal.Config.Runtime.dll
Symbol file LoadedFromMemory is not a mono symbol file
Symbol file data-000001F9926BB010 doesn't match image C:\Users\Soa\Documents\GitHub\Sync-or-Sink\Library\ScriptAssemblies\Unity.RenderPipelines.Universal.Editor.dll
Symbol file LoadedFromMemory is not a mono symbol file
Symbol file data-000001F99DB52020 doesn't match image C:\Users\Soa\Documents\GitHub\Sync-or-Sink\Library\ScriptAssemblies\Unity.RenderPipelines.Universal.Runtime.dll
Symbol file LoadedFromMemory is not a mono symbol file
Symbol file data-000001F993A5DD70 doesn't match image C:\Users\Soa\Documents\GitHub\Sync-or-Sink\Library\ScriptAssemblies\Unity.RenderPipelines.Universal.Shaders.dll
Symbol file LoadedFromMemory is not a mono symbol file
Symbol file data-000001F990AD5020 doesn't match image C:\Users\Soa\Documents\GitHub\Sync-or-Sink\Library\ScriptAssemblies\Unity.Rider.Editor.dll
Symbol file LoadedFromMemory is not a mono symbol file
Symbol file data-000001F9955EF080 doesn't match image C:\Users\Soa\Documents\GitHub\Sync-or-Sink\Library\ScriptAssemblies\Unity.Searcher.Editor.dll
Symbol file LoadedFromMemory is not a mono symbol file
Symbol file data-000001F991BF2010 doesn't match image C:\Users\Soa\Documents\GitHub\Sync-or-Sink\Library\ScriptAssemblies\Unity.ShaderGraph.Editor.dll
Symbol file LoadedFromMemory is not a mono symbol file
Symbol file data-000001F9A0D5B030 doesn't match image C:\Users\Soa\Documents\GitHub\Sync-or-Sink\Library\ScriptAssemblies\Unity.ShaderGraph.Utilities.dll
Symbol file LoadedFromMemory is not a mono symbol file
Symbol file data-000001F99DAF0080 doesn't match image C:\Users\Soa\Documents\GitHub\Sync-or-Sink\Library\ScriptAssemblies\Unity.TextMeshPro.dll
Symbol file LoadedFromMemory is not a mono symbol file
Symbol file data-000001F993C3A030 doesn't match image C:\Users\Soa\Documents\GitHub\Sync-or-Sink\Library\ScriptAssemblies\Unity.TextMeshPro.Editor.dll
Symbol file LoadedFromMemory is not a mono symbol file
Symbol file data-000001F9A0605010 doesn't match image C:\Users\Soa\Documents\GitHub\Sync-or-Sink\Library\ScriptAssemblies\Unity.Timeline.dll
Symbol file LoadedFromMemory is not a mono symbol file
Symbol file data-000001F990D70020 doesn't match image C:\Users\Soa\Documents\GitHub\Sync-or-Sink\Library\ScriptAssemblies\Unity.Timeline.Editor.dll
Symbol file LoadedFromMemory is not a mono symbol file
Symbol file data-000001F9A03E2020 doesn't match image C:\Users\Soa\Documents\GitHub\Sync-or-Sink\Library\ScriptAssemblies\Unity.VisualScripting.Core.dll
Symbol file LoadedFromMemory is not a mono symbol file
Symbol file data-000001F99FA12040 doesn't match image C:\Users\Soa\Documents\GitHub\Sync-or-Sink\Library\ScriptAssemblies\Unity.VisualScripting.Core.Editor.dll
Symbol file LoadedFromMemory is not a mono symbol file
Symbol file data-000001F99DAF0080 doesn't match image C:\Users\Soa\Documents\GitHub\Sync-or-Sink\Library\ScriptAssemblies\Unity.VisualScripting.Flow.dll
Symbol file LoadedFromMemory is not a mono symbol file
Symbol file data-000001F990C31010 doesn't match image C:\Users\Soa\Documents\GitHub\Sync-or-Sink\Library\ScriptAssemblies\Unity.VisualScripting.Flow.Editor.dll
Symbol file LoadedFromMemory is not a mono symbol file
Symbol file data-000001F9A0D5B030 doesn't match image C:\Users\Soa\Documents\GitHub\Sync-or-Sink\Library\ScriptAssemblies\Unity.VisualScripting.SettingsProvider.Editor.dll
Symbol file LoadedFromMemory is not a mono symbol file
Symbol file data-000001F9A0D5B030 doesn't match image C:\Users\Soa\Documents\GitHub\Sync-or-Sink\Library\ScriptAssemblies\Unity.VisualScripting.Shared.Editor.dll
Symbol file LoadedFromMemory is not a mono symbol file
Symbol file data-000001F99F1514A0 doesn't match image C:\Users\Soa\Documents\GitHub\Sync-or-Sink\Library\ScriptAssemblies\Unity.VisualScripting.State.dll
Symbol file LoadedFromMemory is not a mono symbol file
Symbol file data-000001F990AD5020 doesn't match image C:\Users\Soa\Documents\GitHub\Sync-or-Sink\Library\ScriptAssemblies\Unity.VisualScripting.State.Editor.dll
Symbol file LoadedFromMemory is not a mono symbol file
Symbol file data-000001F991C97C20 doesn't match image C:\Users\Soa\Documents\GitHub\Sync-or-Sink\Library\ScriptAssemblies\Unity.VisualStudio.Editor.dll
Symbol file LoadedFromMemory is not a mono symbol file
Symbol file data-000001F990C31010 doesn't match image C:\Users\Soa\Documents\GitHub\Sync-or-Sink\Library\ScriptAssemblies\UnityEditor.TestRunner.dll
Symbol file LoadedFromMemory is not a mono symbol file
Symbol file data-000001F990AD5020 doesn't match image C:\Users\Soa\Documents\GitHub\Sync-or-Sink\Library\ScriptAssemblies\UnityEditor.UI.dll
Symbol file LoadedFromMemory is not a mono symbol file
Symbol file data-000001F99FF8D020 doesn't match image C:\Users\Soa\Documents\GitHub\Sync-or-Sink\Library\ScriptAssemblies\UnityEngine.TestRunner.dll
Symbol file LoadedFromMemory is not a mono symbol file
Symbol file data-000001F99DAF0080 doesn't match image C:\Users\Soa\Documents\GitHub\Sync-or-Sink\Library\ScriptAssemblies\UnityEngine.UI.dll
Symbol file LoadedFromMemory is not a mono symbol file
- Loaded All Assemblies, in  1.007 seconds
Refreshing native plugins compatible for Editor in 2.62 ms, found 4 plugins.
Native extension for WindowsStandalone target not found
Native extension for WebGL target not found
Mono: successfully reloaded assembly
- Finished resetting the current domain, in  1.167 seconds
Domain Reload Profiling: 2173ms
	BeginReloadAssembly (260ms)
		ExecutionOrderSort (0ms)
		DisableScriptedObjects (20ms)
		BackupInstance (0ms)
		ReleaseScriptingObjects (0ms)
		CreateAndSetChildDomain (63ms)
	RebuildCommonClasses (41ms)
	RebuildNativeTypeToScriptingClass (16ms)
	initialDomainReloadingComplete (34ms)
	LoadAllAssembliesAndSetupDomain (655ms)
		LoadAssemblies (501ms)
		RebuildTransferFunctionScriptingTraits (0ms)
		AnalyzeDomain (281ms)
			TypeCache.Refresh (19ms)
				TypeCache.ScanAssembly (0ms)
			BuildScriptInfoCaches (236ms)
			ResolveRequiredComponents (21ms)
	FinalizeReload (1167ms)
		ReleaseScriptCaches (0ms)
		RebuildScriptCaches (0ms)
		SetupLoadedEditorAssemblies (894ms)
			LogAssemblyErrors (0ms)
			InitializePlatformSupportModulesInManaged (3ms)
			SetLoadedEditorAssemblies (10ms)
			BeforeProcessingInitializeOnLoad (267ms)
			ProcessInitializeOnLoadAttributes (530ms)
			ProcessInitializeOnLoadMethodAttributes (79ms)
			AfterProcessingInitializeOnLoad (6ms)
			EditorAssembliesLoaded (0ms)
		ExecutionOrderSort2 (0ms)
		AwakeInstancesAfterBackupRestoration (17ms)
Refreshing native plugins compatible for Editor in 2.26 ms, found 4 plugins.
Preloading 0 native plugins for Editor in 0.00 ms.
Unloading 13 Unused Serialized files (Serialized files now loaded: 0)
Unloading 6603 unused Assets / (4.8 MB). Loaded Objects now: 7345.
Memory consumption went from 149.8 MB to 144.9 MB.
Total: 15.007700 ms (FindLiveObjects: 1.151800 ms CreateObjectMapping: 1.753800 ms MarkObjects: 8.363400 ms  DeleteObjects: 3.737500 ms)

Prepare: number of updated asset objects reloaded= 0
========================================================================
Received Prepare
Begin MonoManager ReloadAssembly
Symbol file data-000001F94C301FE0 doesn't match image C:\Users\Soa\Documents\GitHub\Sync-or-Sink\Library\ScriptAssemblies\Assembly-CSharp-Editor.dll
Symbol file LoadedFromMemory is not a mono symbol file
Symbol file data-000001F9947F7020 doesn't match image C:\Users\Soa\Documents\GitHub\Sync-or-Sink\Library\ScriptAssemblies\Assembly-CSharp.dll
Symbol file LoadedFromMemory is not a mono symbol file
Symbol file data-000001F94C301FE0 doesn't match image C:\Users\Soa\Documents\GitHub\Sync-or-Sink\Library\ScriptAssemblies\PPv2URPConverters.dll
Symbol file LoadedFromMemory is not a mono symbol file
Symbol file data-000001F99FED5020 doesn't match image C:\Users\Soa\Documents\GitHub\Sync-or-Sink\Library\ScriptAssemblies\PsdPlugin.dll
Symbol file LoadedFromMemory is not a mono symbol file
Symbol file data-000001F9A1BC2E50 doesn't match image C:\Users\Soa\Documents\GitHub\Sync-or-Sink\Library\ScriptAssemblies\ScriptablePacker.dll
Symbol file LoadedFromMemory is not a mono symbol file
Symbol file data-000001F995519070 doesn't match image C:\Users\Soa\Documents\GitHub\Sync-or-Sink\Library\ScriptAssemblies\Unity.2D.Animation.Editor.dll
Symbol file LoadedFromMemory is not a mono symbol file
Symbol file data-000001F99EB64030 doesn't match image C:\Users\Soa\Documents\GitHub\Sync-or-Sink\Library\ScriptAssemblies\Unity.2D.Animation.Runtime.dll
Symbol file LoadedFromMemory is not a mono symbol file
Symbol file data-000001F993473010 doesn't match image C:\Users\Soa\Documents\GitHub\Sync-or-Sink\Library\ScriptAssemblies\Unity.2D.Aseprite.Common.dll
Symbol file LoadedFromMemory is not a mono symbol file
Symbol file data-000001F993A46560 doesn't match image C:\Users\Soa\Documents\GitHub\Sync-or-Sink\Library\ScriptAssemblies\Unity.2D.Aseprite.Editor.dll
Symbol file LoadedFromMemory is not a mono symbol file
Symbol file data-000001FA06DFF030 doesn't match image C:\Users\Soa\Documents\GitHub\Sync-or-Sink\Library\ScriptAssemblies\Unity.2D.Common.Editor.dll
Symbol file LoadedFromMemory is not a mono symbol file
Symbol file data-000001F99FED5020 doesn't match image C:\Users\Soa\Documents\GitHub\Sync-or-Sink\Library\ScriptAssemblies\Unity.2D.Common.Path.Editor.dll
Symbol file LoadedFromMemory is not a mono symbol file
Symbol file data-000001F9910E2CE0 doesn't match image C:\Users\Soa\Documents\GitHub\Sync-or-Sink\Library\ScriptAssemblies\Unity.2D.Common.Runtime.dll
Symbol file LoadedFromMemory is not a mono symbol file
Symbol file data-000001F99E866020 doesn't match image C:\Users\Soa\Documents\GitHub\Sync-or-Sink\Library\ScriptAssemblies\Unity.2D.IK.Editor.dll
Symbol file LoadedFromMemory is not a mono symbol file
Symbol file data-000001F9938FB420 doesn't match image C:\Users\Soa\Documents\GitHub\Sync-or-Sink\Library\ScriptAssemblies\Unity.2D.IK.Runtime.dll
Symbol file LoadedFromMemory is not a mono symbol file
Symbol file data-000001F993947820 doesn't match image C:\Users\Soa\Documents\GitHub\Sync-or-Sink\Library\ScriptAssemblies\Unity.2D.PixelPerfect.dll
Symbol file LoadedFromMemory is not a mono symbol file
Symbol file data-000001F9936F7010 doesn't match image C:\Users\Soa\Documents\GitHub\Sync-or-Sink\Library\ScriptAssemblies\Unity.2D.PixelPerfect.Editor.dll
Symbol file LoadedFromMemory is not a mono symbol file
Symbol file data-000001F99FE74010 doesn't match image C:\Users\Soa\Documents\GitHub\Sync-or-Sink\Library\ScriptAssemblies\Unity.2D.Psdimporter.Editor.dll
Symbol file LoadedFromMemory is not a mono symbol file
Symbol file data-000001F9947F7020 doesn't match image C:\Users\Soa\Documents\GitHub\Sync-or-Sink\Library\ScriptAssemblies\Unity.2D.Sprite.Editor.dll
Symbol file LoadedFromMemory is not a mono symbol file
Symbol file data-000001F99EB64030 doesn't match image C:\Users\Soa\Documents\GitHub\Sync-or-Sink\Library\ScriptAssemblies\Unity.2D.SpriteShape.Editor.dll
Symbol file LoadedFromMemory is not a mono symbol file
Symbol file data-000001F990DFC430 doesn't match image C:\Users\Soa\Documents\GitHub\Sync-or-Sink\Library\ScriptAssemblies\Unity.2D.SpriteShape.Runtime.dll
Symbol file LoadedFromMemory is not a mono symbol file
Symbol file data-000001F9C5424C70 doesn't match image C:\Users\Soa\Documents\GitHub\Sync-or-Sink\Library\ScriptAssemblies\Unity.2D.Tilemap.Editor.dll
Symbol file LoadedFromMemory is not a mono symbol file
Symbol file data-000001F9938FB420 doesn't match image C:\Users\Soa\Documents\GitHub\Sync-or-Sink\Library\ScriptAssemblies\Unity.2D.Tilemap.Extras.dll
Symbol file LoadedFromMemory is not a mono symbol file
Symbol file data-000001F99EB64030 doesn't match image C:\Users\Soa\Documents\GitHub\Sync-or-Sink\Library\ScriptAssemblies\Unity.2D.Tilemap.Extras.Editor.dll
Symbol file LoadedFromMemory is not a mono symbol file
Symbol file data-000001F992B50010 doesn't match image C:\Users\Soa\Documents\GitHub\Sync-or-Sink\Library\ScriptAssemblies\Unity.Burst.CodeGen.dll
Symbol file LoadedFromMemory is not a mono symbol file
Symbol file data-000001F9C5424C70 doesn't match image C:\Users\Soa\Documents\GitHub\Sync-or-Sink\Library\ScriptAssemblies\Unity.Burst.dll
Symbol file LoadedFromMemory is not a mono symbol file
Symbol file data-000001F9A024E070 doesn't match image C:\Users\Soa\Documents\GitHub\Sync-or-Sink\Library\ScriptAssemblies\Unity.Burst.Editor.dll
Symbol file LoadedFromMemory is not a mono symbol file
Symbol file data-000001F99480F430 doesn't match image C:\Users\Soa\Documents\GitHub\Sync-or-Sink\Library\ScriptAssemblies\Unity.CollabProxy.Editor.dll
Symbol file LoadedFromMemory is not a mono symbol file
Symbol file data-000001F99266EC20 doesn't match image C:\Users\Soa\Documents\GitHub\Sync-or-Sink\Library\ScriptAssemblies\Unity.Collections.CodeGen.dll
Symbol file LoadedFromMemory is not a mono symbol file
Symbol file data-000001F991FA4010 doesn't match image C:\Users\Soa\Documents\GitHub\Sync-or-Sink\Library\ScriptAssemblies\Unity.Collections.dll
Symbol file LoadedFromMemory is not a mono symbol file
Symbol file data-000001F99266EC20 doesn't match image C:\Users\Soa\Documents\GitHub\Sync-or-Sink\Library\ScriptAssemblies\Unity.Collections.Editor.dll
Symbol file LoadedFromMemory is not a mono symbol file
Symbol file data-000001F94CC7ECC0 doesn't match image C:\Users\Soa\Documents\GitHub\Sync-or-Sink\Library\ScriptAssemblies\Unity.InputSystem.dll
Symbol file LoadedFromMemory is not a mono symbol file
Symbol file data-000001F9936F7010 doesn't match image C:\Users\Soa\Documents\GitHub\Sync-or-Sink\Library\ScriptAssemblies\Unity.InputSystem.ForUI.dll
Symbol file LoadedFromMemory is not a mono symbol file
Symbol file data-000001F9938FB420 doesn't match image C:\Users\Soa\Documents\GitHub\Sync-or-Sink\Library\ScriptAssemblies\Unity.InputSystem.TestFramework.dll
Symbol file LoadedFromMemory is not a mono symbol file
Symbol file data-000001F9936F7010 doesn't match image C:\Users\Soa\Documents\GitHub\Sync-or-Sink\Library\ScriptAssemblies\Unity.InternalAPIEditorBridge.001.dll
Symbol file LoadedFromMemory is not a mono symbol file
Symbol file data-000001F9936F7010 doesn't match image C:\Users\Soa\Documents\GitHub\Sync-or-Sink\Library\ScriptAssemblies\Unity.InternalAPIEngineBridge.001.dll
Symbol file LoadedFromMemory is not a mono symbol file
Symbol file data-000001F9920E8010 doesn't match image C:\Users\Soa\Documents\GitHub\Sync-or-Sink\Library\ScriptAssemblies\Unity.Mathematics.dll
Symbol file LoadedFromMemory is not a mono symbol file
Symbol file data-000001F9938FB420 doesn't match image C:\Users\Soa\Documents\GitHub\Sync-or-Sink\Library\ScriptAssemblies\Unity.Mathematics.Editor.dll
Symbol file LoadedFromMemory is not a mono symbol file
Symbol file data-000001F9938FB420 doesn't match image C:\Users\Soa\Documents\GitHub\Sync-or-Sink\Library\ScriptAssemblies\Unity.Multiplayer.Center.Common.dll
Symbol file LoadedFromMemory is not a mono symbol file
Symbol file data-000001F9A03B8020 doesn't match image C:\Users\Soa\Documents\GitHub\Sync-or-Sink\Library\ScriptAssemblies\Unity.Multiplayer.Center.Editor.dll
Symbol file LoadedFromMemory is not a mono symbol file
Symbol file data-000001F9A0D54820 doesn't match image C:\Users\Soa\Documents\GitHub\Sync-or-Sink\Library\ScriptAssemblies\Unity.PerformanceTesting.dll
Symbol file LoadedFromMemory is not a mono symbol file
Symbol file data-000001FA06E10090 doesn't match image C:\Users\Soa\Documents\GitHub\Sync-or-Sink\Library\ScriptAssemblies\Unity.PerformanceTesting.Editor.dll
Symbol file LoadedFromMemory is not a mono symbol file
Symbol file data-000001F94CC1A010 doesn't match image C:\Users\Soa\Documents\GitHub\Sync-or-Sink\Library\ScriptAssemblies\Unity.PlasticSCM.Editor.dll
Symbol file LoadedFromMemory is not a mono symbol file
Symbol file data-000001F9A0267080 doesn't match image C:\Users\Soa\Documents\GitHub\Sync-or-Sink\Library\ScriptAssemblies\Unity.Rendering.LightTransport.Editor.dll
Symbol file LoadedFromMemory is not a mono symbol file
Symbol file data-000001F9C5301C80 doesn't match image C:\Users\Soa\Documents\GitHub\Sync-or-Sink\Library\ScriptAssemblies\Unity.Rendering.LightTransport.Runtime.dll
Symbol file LoadedFromMemory is not a mono symbol file
Symbol file data-000001F9A0267080 doesn't match image C:\Users\Soa\Documents\GitHub\Sync-or-Sink\Library\ScriptAssemblies\Unity.RenderPipeline.Universal.ShaderLibrary.dll
Symbol file LoadedFromMemory is not a mono symbol file
Symbol file data-000001F94CC1A010 doesn't match image C:\Users\Soa\Documents\GitHub\Sync-or-Sink\Library\ScriptAssemblies\Unity.RenderPipelines.Core.Editor.dll
Symbol file LoadedFromMemory is not a mono symbol file
Symbol file data-000001F9A0267080 doesn't match image C:\Users\Soa\Documents\GitHub\Sync-or-Sink\Library\ScriptAssemblies\Unity.RenderPipelines.Core.Editor.Shared.dll
Symbol file LoadedFromMemory is not a mono symbol file
Symbol file data-000001F99FA12040 doesn't match image C:\Users\Soa\Documents\GitHub\Sync-or-Sink\Library\ScriptAssemblies\Unity.RenderPipelines.Core.Runtime.dll
Symbol file LoadedFromMemory is not a mono symbol file
Symbol file data-000001F9A0267080 doesn't match image C:\Users\Soa\Documents\GitHub\Sync-or-Sink\Library\ScriptAssemblies\Unity.RenderPipelines.Core.Runtime.Shared.dll
Symbol file LoadedFromMemory is not a mono symbol file
Symbol file data-000001F9A0267080 doesn't match image C:\Users\Soa\Documents\GitHub\Sync-or-Sink\Library\ScriptAssemblies\Unity.RenderPipelines.Core.ShaderLibrary.dll
Symbol file LoadedFromMemory is not a mono symbol file
Symbol file data-000001F99FF8D020 doesn't match image C:\Users\Soa\Documents\GitHub\Sync-or-Sink\Library\ScriptAssemblies\Unity.RenderPipelines.GPUDriven.Runtime.dll
Symbol file LoadedFromMemory is not a mono symbol file
Symbol file data-000001F993A5DD70 doesn't match image C:\Users\Soa\Documents\GitHub\Sync-or-Sink\Library\ScriptAssemblies\Unity.RenderPipelines.ShaderGraph.ShaderGraphLibrary.dll
Symbol file LoadedFromMemory is not a mono symbol file
Symbol file data-000001F990C31010 doesn't match image C:\Users\Soa\Documents\GitHub\Sync-or-Sink\Library\ScriptAssemblies\Unity.RenderPipelines.Universal.2D.Runtime.dll
Symbol file LoadedFromMemory is not a mono symbol file
Symbol file data-000001F9A0267080 doesn't match image C:\Users\Soa\Documents\GitHub\Sync-or-Sink\Library\ScriptAssemblies\Unity.RenderPipelines.Universal.Config.Runtime.dll
Symbol file LoadedFromMemory is not a mono symbol file
Symbol file data-000001F9A03E2020 doesn't match image C:\Users\Soa\Documents\GitHub\Sync-or-Sink\Library\ScriptAssemblies\Unity.RenderPipelines.Universal.Editor.dll
Symbol file LoadedFromMemory is not a mono symbol file
Symbol file data-000001F99E44E010 doesn't match image C:\Users\Soa\Documents\GitHub\Sync-or-Sink\Library\ScriptAssemblies\Unity.RenderPipelines.Universal.Runtime.dll
Symbol file LoadedFromMemory is not a mono symbol file
Symbol file data-000001F993A5DD70 doesn't match image C:\Users\Soa\Documents\GitHub\Sync-or-Sink\Library\ScriptAssemblies\Unity.RenderPipelines.Universal.Shaders.dll
Symbol file LoadedFromMemory is not a mono symbol file
Symbol file data-000001F9C5301C80 doesn't match image C:\Users\Soa\Documents\GitHub\Sync-or-Sink\Library\ScriptAssemblies\Unity.Rider.Editor.dll
Symbol file LoadedFromMemory is not a mono symbol file
Symbol file data-000001F993282030 doesn't match image C:\Users\Soa\Documents\GitHub\Sync-or-Sink\Library\ScriptAssemblies\Unity.Searcher.Editor.dll
Symbol file LoadedFromMemory is not a mono symbol file
Symbol file data-000001F99FBBE010 doesn't match image C:\Users\Soa\Documents\GitHub\Sync-or-Sink\Library\ScriptAssemblies\Unity.ShaderGraph.Editor.dll
Symbol file LoadedFromMemory is not a mono symbol file
Symbol file data-000001F9A0267080 doesn't match image C:\Users\Soa\Documents\GitHub\Sync-or-Sink\Library\ScriptAssemblies\Unity.ShaderGraph.Utilities.dll
Symbol file LoadedFromMemory is not a mono symbol file
Symbol file data-000001F99358D010 doesn't match image C:\Users\Soa\Documents\GitHub\Sync-or-Sink\Library\ScriptAssemblies\Unity.TextMeshPro.dll
Symbol file LoadedFromMemory is not a mono symbol file
Symbol file data-000001FA06E39620 doesn't match image C:\Users\Soa\Documents\GitHub\Sync-or-Sink\Library\ScriptAssemblies\Unity.TextMeshPro.Editor.dll
Symbol file LoadedFromMemory is not a mono symbol file
Symbol file data-000001F99FF8D020 doesn't match image C:\Users\Soa\Documents\GitHub\Sync-or-Sink\Library\ScriptAssemblies\Unity.Timeline.dll
Symbol file LoadedFromMemory is not a mono symbol file
Symbol file data-000001F995519070 doesn't match image C:\Users\Soa\Documents\GitHub\Sync-or-Sink\Library\ScriptAssemblies\Unity.Timeline.Editor.dll
Symbol file LoadedFromMemory is not a mono symbol file
Symbol file data-000001F99E44E010 doesn't match image C:\Users\Soa\Documents\GitHub\Sync-or-Sink\Library\ScriptAssemblies\Unity.VisualScripting.Core.dll
Symbol file LoadedFromMemory is not a mono symbol file
Symbol file data-000001F99E4FE020 doesn't match image C:\Users\Soa\Documents\GitHub\Sync-or-Sink\Library\ScriptAssemblies\Unity.VisualScripting.Core.Editor.dll
Symbol file LoadedFromMemory is not a mono symbol file
Symbol file data-000001F9932CE020 doesn't match image C:\Users\Soa\Documents\GitHub\Sync-or-Sink\Library\ScriptAssemblies\Unity.VisualScripting.Flow.dll
Symbol file LoadedFromMemory is not a mono symbol file
Symbol file data-000001F992ABA020 doesn't match image C:\Users\Soa\Documents\GitHub\Sync-or-Sink\Library\ScriptAssemblies\Unity.VisualScripting.Flow.Editor.dll
Symbol file LoadedFromMemory is not a mono symbol file
Symbol file data-000001F94CC74A20 doesn't match image C:\Users\Soa\Documents\GitHub\Sync-or-Sink\Library\ScriptAssemblies\Unity.VisualScripting.SettingsProvider.Editor.dll
Symbol file LoadedFromMemory is not a mono symbol file
Symbol file data-000001F94CC74A20 doesn't match image C:\Users\Soa\Documents\GitHub\Sync-or-Sink\Library\ScriptAssemblies\Unity.VisualScripting.Shared.Editor.dll
Symbol file LoadedFromMemory is not a mono symbol file
Symbol file data-000001F993282030 doesn't match image C:\Users\Soa\Documents\GitHub\Sync-or-Sink\Library\ScriptAssemblies\Unity.VisualScripting.State.dll
Symbol file LoadedFromMemory is not a mono symbol file
Symbol file data-000001F9C5301C80 doesn't match image C:\Users\Soa\Documents\GitHub\Sync-or-Sink\Library\ScriptAssemblies\Unity.VisualScripting.State.Editor.dll
Symbol file LoadedFromMemory is not a mono symbol file
Symbol file data-000001F990B06010 doesn't match image C:\Users\Soa\Documents\GitHub\Sync-or-Sink\Library\ScriptAssemblies\Unity.VisualStudio.Editor.dll
Symbol file LoadedFromMemory is not a mono symbol file
Symbol file data-000001F992ABA020 doesn't match image C:\Users\Soa\Documents\GitHub\Sync-or-Sink\Library\ScriptAssemblies\UnityEditor.TestRunner.dll
Symbol file LoadedFromMemory is not a mono symbol file
Symbol file data-000001F9C5301C80 doesn't match image C:\Users\Soa\Documents\GitHub\Sync-or-Sink\Library\ScriptAssemblies\UnityEditor.UI.dll
Symbol file LoadedFromMemory is not a mono symbol file
Symbol file data-000001F99FF29020 doesn't match image C:\Users\Soa\Documents\GitHub\Sync-or-Sink\Library\ScriptAssemblies\UnityEngine.TestRunner.dll
Symbol file LoadedFromMemory is not a mono symbol file
Symbol file data-000001F994963050 doesn't match image C:\Users\Soa\Documents\GitHub\Sync-or-Sink\Library\ScriptAssemblies\UnityEngine.UI.dll
Symbol file LoadedFromMemory is not a mono symbol file
- Loaded All Assemblies, in  0.858 seconds
Refreshing native plugins compatible for Editor in 1.64 ms, found 4 plugins.
Native extension for WindowsStandalone target not found
Native extension for WebGL target not found
Mono: successfully reloaded assembly
- Finished resetting the current domain, in  1.111 seconds
Domain Reload Profiling: 1969ms
	BeginReloadAssembly (231ms)
		ExecutionOrderSort (0ms)
		DisableScriptedObjects (17ms)
		BackupInstance (0ms)
		ReleaseScriptingObjects (0ms)
		CreateAndSetChildDomain (54ms)
	RebuildCommonClasses (40ms)
	RebuildNativeTypeToScriptingClass (15ms)
	initialDomainReloadingComplete (28ms)
	LoadAllAssembliesAndSetupDomain (542ms)
		LoadAssemblies (434ms)
		RebuildTransferFunctionScriptingTraits (0ms)
		AnalyzeDomain (224ms)
			TypeCache.Refresh (7ms)
				TypeCache.ScanAssembly (0ms)
			BuildScriptInfoCaches (198ms)
			ResolveRequiredComponents (13ms)
	FinalizeReload (1112ms)
		ReleaseScriptCaches (0ms)
		RebuildScriptCaches (0ms)
		SetupLoadedEditorAssemblies (864ms)
			LogAssemblyErrors (0ms)
			InitializePlatformSupportModulesInManaged (4ms)
			SetLoadedEditorAssemblies (10ms)
			BeforeProcessingInitializeOnLoad (243ms)
			ProcessInitializeOnLoadAttributes (518ms)
			ProcessInitializeOnLoadMethodAttributes (84ms)
			AfterProcessingInitializeOnLoad (5ms)
			EditorAssembliesLoaded (0ms)
		ExecutionOrderSort2 (0ms)
		AwakeInstancesAfterBackupRestoration (15ms)
Refreshing native plugins compatible for Editor in 1.78 ms, found 4 plugins.
Preloading 0 native plugins for Editor in 0.00 ms.
Unloading 13 Unused Serialized files (Serialized files now loaded: 0)
Unloading 6603 unused Assets / (4.4 MB). Loaded Objects now: 7347.
Memory consumption went from 149.8 MB to 145.4 MB.
Total: 10.846300 ms (FindLiveObjects: 0.911600 ms CreateObjectMapping: 1.421000 ms MarkObjects: 5.446100 ms  DeleteObjects: 3.065800 ms)

Prepare: number of updated asset objects reloaded= 0
========================================================================
Received Import Request.
  Time since last request: 266.659803 seconds.
  path: Assets/Images/orange1.png
  artifactKey: Guid(5daf228918f99f8409c64412685f709a) Importer(815301076,1909f56bfc062723c751e8b465ee728b)
Start importing Assets/Images/orange1.png using Guid(5daf228918f99f8409c64412685f709a) Importer(815301076,1909f56bfc062723c751e8b465ee728b) (PreviewImporter) -> (artifact id: 'f719c5d5978536e14a7d594ec2d3e6b4') in 0.1316712 seconds
Number of updated asset objects reloaded before import = 0Number of asset objects unloaded after import = 3

========================================================================
Received Import Request.
  Time since last request: 0.000024 seconds.
  path: Assets/Images/orange2.png
  artifactKey: Guid(9bf23585ed07f884c9bb58843f40432a) Importer(815301076,1909f56bfc062723c751e8b465ee728b)
Start importing Assets/Images/orange2.png using Guid(9bf23585ed07f884c9bb58843f40432a) Importer(815301076,1909f56bfc062723c751e8b465ee728b) (PreviewImporter) -> (artifact id: 'e1871111009e5371bd977d4bd16f6bc7') in 0.0259408 seconds
Number of updated asset objects reloaded before import = 0Number of asset objects unloaded after import = 3

========================================================================
Received Import Request.
  Time since last request: 416.594683 seconds.
  path: Assets/TextMesh Pro/Resources/Fonts & Materials/LiberationSans SDF - Fallback.asset
  artifactKey: Guid(2e498d1c8094910479dc3e1b768306a4) Importer(815301076,1909f56bfc062723c751e8b465ee728b)
Start importing Assets/TextMesh Pro/Resources/Fonts & Materials/LiberationSans SDF - Fallback.asset using Guid(2e498d1c8094910479dc3e1b768306a4) Importer(815301076,1909f56bfc062723c751e8b465ee728b) (PreviewImporter) -> (artifact id: '3a372ca3bd1869c60a7a2b9d97b72ca6') in 0.7029756 seconds
Number of updated asset objects reloaded before import = 0Number of asset objects unloaded after import = 6

